
> react-typescript-starter@0.1.0 test
> react-scripts test --coverage

Browserslist: caniuse-lite is outdated. Please run:
  npx browserslist@latest --update-db
  Why you should do it regularly: https://github.com/browserslist/browserslist#browsers-data-updating
Browserslist: caniuse-lite is outdated. Please run:
  npx browserslist@latest --update-db
  Why you should do it regularly: https://github.com/browserslist/browserslist#browsers-data-updating
Browserslist: caniuse-lite is outdated. Please run:
  npx browserslist@latest --update-db
  Why you should do it regularly: https://github.com/browserslist/browserslist#browsers-data-updating
PASS src/objects.test.ts
PASS src/arrays.test.ts
PASS src/functions.test.ts
PASS src/HtmlCss.test.tsx
PASS src/text.test.tsx
PASS src/App.test.tsx
----------------|---------|----------|---------|---------|-------------------
File            | % Stmts | % Branch | % Funcs | % Lines | Uncovered Line #s 
----------------|---------|----------|---------|---------|-------------------
All files       |      94 |    97.91 |     100 |   93.75 |                   
 src            |      94 |    97.91 |     100 |   93.75 |                   
  App.tsx       |     100 |      100 |     100 |     100 |                   
  arrays.ts     |     100 |      100 |     100 |     100 |                   
  functions.ts  |   76.19 |      100 |     100 |   76.19 | 8,27,36,45,61     
  objects.ts    |   96.42 |    91.66 |     100 |   96.42 | 59                
 src/interfaces |       0 |        0 |       0 |       0 |                   
  question.ts   |       0 |        0 |       0 |       0 |                   
----------------|---------|----------|---------|---------|-------------------

Test Suites: 6 passed, 6 total
Tests:       33 passed, 33 total
Snapshots:   0 total
Time:        3.777 s
Ran all test suites.
